<?xml version="1.0" encoding="UTF-8"?>
<testng-results skipped="0" failed="0" ignored="0" total="1" passed="1">
  <reporter-output>
  </reporter-output>
  <suite name="Suite" duration-ms="2327" started-at="2019-01-29T15:57:10Z" finished-at="2019-01-29T15:57:12Z">
    <groups>
      <group name="cucumber">
        <method signature="AbstractTestNGCucumberTests.feature(cucumber.api.testng.CucumberFeatureWrapper)[pri:0, instance:runner.TestNGRunner@26653222]" name="feature" class="cucumber.api.testng.AbstractTestNGCucumberTests"/>
      </group> <!-- cucumber -->
    </groups>
    <test name="Test" duration-ms="2327" started-at="2019-01-29T15:57:10Z" finished-at="2019-01-29T15:57:12Z">
      <class name="runner.TestNGRunner">
        <test-method status="PASS" signature="setUpClass()[pri:0, instance:runner.TestNGRunner@26653222]" name="setUpClass" is-config="true" duration-ms="535" started-at="2019-01-29T21:27:10Z" finished-at="2019-01-29T21:27:11Z">
          <reporter-output>
          </reporter-output>
        </test-method> <!-- setUpClass -->
        <test-method status="PASS" signature="feature(cucumber.api.testng.CucumberFeatureWrapper)[pri:0, instance:runner.TestNGRunner@26653222]" name="feature" duration-ms="919" started-at="2019-01-29T21:27:11Z" description="Runs Cucumber Feature" data-provider="features" finished-at="2019-01-29T21:27:12Z">
          <params>
            <param index="0">
              <value>
                <![CDATA[Login Functionality Feature]]>
              </value>
            </param>
          </params>
          <reporter-output>
          </reporter-output>
        </test-method> <!-- feature -->
        <test-method status="PASS" signature="tearDownClass()[pri:0, instance:runner.TestNGRunner@26653222]" name="tearDownClass" is-config="true" duration-ms="729" started-at="2019-01-29T21:27:12Z" finished-at="2019-01-29T21:27:12Z">
          <reporter-output>
          </reporter-output>
        </test-method> <!-- tearDownClass -->
      </class> <!-- runner.TestNGRunner -->
    </test> <!-- Test -->
  </suite> <!-- Suite -->
</testng-results>
